
artifacts\agent_fix_v12_v14\run_gates_milestone.txt:39:FAIL_REASONS=VERIFY_3_8_FAILED,VERIFY_3_9_FAILED

