
artifacts\agent_fix_v3_8_v3_9\run_gates_milestone_after_fix_2.txt:39:FAIL_REASONS=VERIFY_3_8_FAILED,VERIFY_3_9_FAILED

