MODE=Build
COMPILE_OK=True
VERIFY_3_7_OK=False
VERIFY_3_8_OK=False
VERIFY_3_8_ADVISORY_SCOPE_ONLY=False
VERIFY_3_9_OK=True
FAIL_REASONS=VERIFY_3_7_FAILED,VERIFY_3_8_FAILED
artifacts_DIR=C:\Users\suppo\Desktop\NGKsSystems\ngks-vscode-autologger\_artifacts\phase3.9_20260209_202035
