
===== VERIFY_5 (True) =====
EXEC_ID=9359deb80851aa40
SESSION_ID=a9687229-7477-4c59-aebb-e9b8c1b78044

artifacts_BEGIN
artifacts_END
ðŸ” PHASE 5 artifacts BUNDLE EXPORT + MANIFEST INTEGRITY GATE
ðŸ§ª Testing artifacts markers validation...
  artifacts markers detected: YES
ðŸ§ª Testing bundle + manifest presence...
  Bundles dir missing: NO
ðŸ§ª Testing file scope validation...
  File scope validation: PASS

ðŸ“Š PHASE 5 BINARY ACCEPTANCE RESULTS:
artifacts_MARKERS: YES - Enforcement working
BUNDLE_PRESENT: NO - Zip + manifest present and valid
FILE_SCOPE_VALID: YES - Phase 5 scope validated
OVERALL: FAIL

===== VERIFY_6 (True) =====
EXEC_ID=9359deb80851aa40
SESSION_ID=a9687229-7477-4c59-aebb-e9b8c1b78044

artifacts_BEGIN
artifacts_END
ðŸ” PHASE 6 COMMAND-LEVEL EXPORT GATE
ðŸ§ª Testing artifacts markers validation...
  artifacts markers detected: YES
ðŸ§ª Testing command definition...
  Command exists: NO
  Command title correct: NO
ðŸ§ª Testing command implementation...
  Command file exists: YES
  Register function exists: NO
  Command ID correct: NO
  Extension registers command: NO
ðŸ§ª Testing file scope validation...
  File scope validation: PASS

ðŸ“Š PHASE 6 BINARY ACCEPTANCE RESULTS:
artifacts_MARKERS: YES - Enforcement working
COMMAND_DEFINED: NO - Package.json command definition
COMMAND_IMPLEMENTED: NO - Implementation and registration
FILE_SCOPE_VALID: YES - Phase 6 scope validated
OVERALL: FAIL

===== VERIFY_8 (True) =====
EXEC_ID=9359deb80851aa40
SESSION_ID=a9687229-7477-4c59-aebb-e9b8c1b78044

artifacts_BEGIN
artifacts_END
ðŸ” PHASE 8 AUTO-EXPORT + LATEST BUNDLE POINTER GATE
ðŸ§ª Testing artifacts markers validation...
  artifacts markers detected: YES
ðŸ§ª Testing runner Auto|YES|NO support...
  ValidateSet includes Auto: YES
  Auto mode logic exists: YES
  Milestone check exists: YES
ðŸ§ª Testing latest bundle pointer creation...
  Latest pointer logic: FAIL - export script not found
ðŸ§ª Testing auto-export logic correctness...
  Auto+Milestone logic: YES
  YES logic preserved: YES
  shouldExport variable: YES
ðŸ§ª Testing file scope validation...
  File scope validation: PASS

ðŸ“Š PHASE 8 BINARY ACCEPTANCE RESULTS:
artifacts_MARKERS: YES - Enforcement working
RUNNER_AUTO_SUPPORT: YES - Auto|YES|NO modes supported
LATEST_POINTER: NO - latest.json creation logic exists
AUTO_EXPORT_LOGIC: YES - Auto export logic correct
FILE_SCOPE_VALID: YES - Phase 8 scope validated
OVERALL: FAIL

===== VERIFY_9 (True) =====
EXEC_ID=9359deb80851aa40
SESSION_ID=a9687229-7477-4c59-aebb-e9b8c1b78044

artifacts_BEGIN
âœ— Phase 9 verification FAILED:
  - Missing content: command definition in package.json in extension/package.json
  - Missing content: command title in package.json in extension/package.json
  - Missing content: register function in command file in extension/src/command/openLatestartifactsBundle.ts
  - Missing content: correct command id in command file in extension/src/command/openLatestartifactsBundle.ts
  - Missing content: import statement in extension.ts in extension/src/extension.ts
  - Missing content: command registration in extension.ts in extension/src/extension.ts
  - Phase 9 scope violation: unexpected files modified: gates_result_3.txt
artifacts_END

===== VERIFY_10 (True) =====
EXEC_ID=9359deb80851aa40
SESSION_ID=a9687229-7477-4c59-aebb-e9b8c1b78044

artifacts_BEGIN
âœ— Phase 10 verification FAILED:
  - Missing file: file for artifacts directory recursion in export script at tools/export_artifacts_bundle.ps1
  - Phase 10 scope violation: unexpected files modified: gates_result_3.txt
artifacts_END

===== VERIFY_11 (True) =====
EXEC_ID=9359deb80851aa40
SESSION_ID=a9687229-7477-4c59-aebb-e9b8c1b78044

artifacts_BEGIN
âœ— Phase 11 verification FAILED:
  - Missing content: command definition in package.json in extension/package.json
  - Missing content: command title in package.json in extension/package.json
  - Missing content: register function in command file in extension/src/command/openLatestartifactsReport.ts
  - Missing content: correct command id in command file in extension/src/command/openLatestartifactsReport.ts
  - Missing content: import statement in extension.ts in extension/src/extension.ts
  - Missing content: command registration in extension.ts in extension/src/extension.ts
  - Phase 11 scope violation: unexpected files modified: gates_result_3.txt
artifacts_END

===== VERIFY_13 (True) =====
EXEC_ID=9359deb80851aa40
SESSION_ID=a9687229-7477-4c59-aebb-e9b8c1b78044

artifacts_BEGIN
âœ— Phase 13 verification FAILED:
  - Missing content: command title in package.json in extension/package.json
  - Missing content: import of artifacts status bar refresh function in extension/src/command/runMilestoneGates.ts
  - Missing content: call to refresh artifacts status bar in extension/src/command/runMilestoneGates.ts
  - Phase 13 scope violation: unexpected files modified: gates_result_3.txt
artifacts_END

===== VERIFY_15 (True) =====
EXEC_ID=9359deb80851aa40
SESSION_ID=a9687229-7477-4c59-aebb-e9b8c1b78044

artifacts_BEGIN
--- TASK_A: Exporter latest.json pointer paths ---
  artifacts_dir in exporter: YES
  summary_path in exporter: YES
  report_path in exporter: YES
  diff_name_only_path in exporter: YES
  status_path in exporter: YES
  compile_log_path in exporter: YES
--- TASK_B: Status bar uses pointer paths ---
  Interface includes optional pointer fields: YES
  Uses summary_path when present: YES
--- TASK_C: Commands prefer pointer paths ---
  openLatestSummary prefers summary_path: YES
  copyLatestSummary prefers summary_path: YES
  openLatestartifactsReport prefers report_path: YES
--- TASK_D: Verification gate ---
  verify-phase15.js exists: YES
--- TASK_E: Runner integration ---
  VERIFY_15 in runner: YES
--- File Scope Validation ---
  File scope: YES

==== SUMMARY ====
OVERALL: FAIL
âœ— Phase 15 verification FAILED:
  - Missing file: file for artifacts_dir field in exporter latest.json output at tools/export_artifacts_bundle.ps1
  - Missing file: file for summary_path field in exporter latest.json output at tools/export_artifacts_bundle.ps1
  - Missing file: file for report_path field in exporter latest.json output at tools/export_artifacts_bundle.ps1
  - Missing file: file for diff_name_only_path field in exporter latest.json output at tools/export_artifacts_bundle.ps1
  - Missing file: file for status_path field in exporter latest.json output at tools/export_artifacts_bundle.ps1
  - Missing file: file for compile_log_path field in exporter latest.json output at tools/export_artifacts_bundle.ps1
  - Phase 15 scope violation: unexpected files modified: gates_result_3.txt
artifacts_END

===== VERIFY_16 (True) =====
EXEC_ID=9359deb80851aa40
SESSION_ID=a9687229-7477-4c59-aebb-e9b8c1b78044

artifacts_BEGIN
--- TASK_A: Integrity hashing + integrity.json ---
  integrity.json in exporter: YES
  integrity_path in latest.json: YES
  SHA256 hashing: YES
--- TASK_B: Schema validation ---
  validateLatestJson function: YES
  validateIntegrityJson function: YES
  Schema interfaces: YES
--- TASK_C: Drift detection ---
  detectDrift function: YES
  SHA256 computation: YES
  Mismatch reporting: YES
--- TASK_D: Status bar WARN/FAIL states ---
  WARN state: YES
  Warning icon: YES
  Drift detection integration: YES
  Integrity tooltip info: YES
--- TASK_E: Verification gate ---
  verify-phase16.js exists: YES
--- TASK_F: Runner integration ---
  VERIFY_16 in runner: YES
--- File Scope Validation ---
  File scope: YES

==== SUMMARY ====
OVERALL: FAIL
âœ— Phase 16 verification FAILED:
  - Missing file: file for integrity.json creation in exporter at tools/export_artifacts_bundle.ps1
  - Missing file: file for integrity_path field in latest.json at tools/export_artifacts_bundle.ps1
  - Missing file: file for SHA256 hashing function usage for integrity at tools/export_artifacts_bundle.ps1
  - Missing file: file for hashes object in integrity.json at tools/export_artifacts_bundle.ps1
  - Phase 16 scope violation: unexpected files modified: gates_result_3.txt
artifacts_END

===== VERIFY_17 (True) =====
EXEC_ID=9359deb80851aa40
SESSION_ID=a9687229-7477-4c59-aebb-e9b8c1b78044

artifacts_BEGIN
--- QuickPick Menu Requirements ---
âœ“ Status bar command wiring: YES
âœ— QuickPick function integration: NO
âœ— Run Milestone artifacts Gates option: NO
âœ“ Open Latest Summary option: YES
âœ“ Open Latest Report option: YES
âœ— Open Latest artifacts Folder option: NO
âœ— Open Latest artifacts Bundle option: NO
âœ— artifacts folder reveal function: NO
--- Command Registration ---
âœ“ Run Milestone Gates command registered: YES
âœ“ Open Latest Summary command registered: YES
âœ— Open Latest artifacts Report command registered: NO
âœ— Open Latest artifacts Bundle command registered: NO
--- Pointer Path Usage ---
âœ“ Summary uses pointer path: YES
âœ“ Report uses pointer path: YES
âœ“ artifacts folder uses pointer path: YES
âœ“ QuickPick calls milestone gates command: YES
âœ“ QuickPick calls open summary command: YES
âœ— QuickPick calls open report command: NO
âœ“ QuickPick calls open bundle command: YES
--- File Scope Validation ---
Warning: Could not get git diff, skipping scope validation
âœ“ File scope: YES
==== SUMMARY ====
OVERALL: FAIL
âœ— Phase 17 verification FAILED
See errors above for details
